-------------------------------------------------------------------------------
Test set: com.loopers.server.AuthControllerTest
-------------------------------------------------------------------------------
Tests run: 30, Failures: 2, Errors: 0, Skipped: 0, Time elapsed: 8.985 s <<< FAILURE! - in com.loopers.server.AuthControllerTest
getHistory_sameValueNotRecorded  Time elapsed: 0.209 s  <<< FAILURE!
java.lang.AssertionError: JSON path "$.history.length()" expected:<0> but was:<1>
	at com.loopers.server.AuthControllerTest.getHistory_sameValueNotRecorded(AuthControllerTest.java:552)

getHistory_afterNameChange  Time elapsed: 0.203 s  <<< FAILURE!
java.lang.AssertionError: JSON path "$.history[0].oldValue" expected:<테스트 유저> but was:<테스트유저>
	at com.loopers.server.AuthControllerTest.getHistory_afterNameChange(AuthControllerTest.java:499)

