<?xml version="1.0" encoding="UTF-8"?>
<testsuite xmlns:xsi="http://www.w3.org/2001/XMLSchema-instance" xsi:noNamespaceSchemaLocation="https://maven.apache.org/surefire/maven-surefire-plugin/xsd/surefire-test-report.xsd" name="com.loopers.server.AuthControllerTest" time="8.985" tests="30" errors="0" skipped="0" failures="2">
  <properties>
[...]
</properties>
  <testcase name="agentLogin_newPasswordWorks" classname="com.loopers.server.AuthControllerTest" time="0.917"/>
  <testcase name="register_passwordContainsBirthdate" classname="com.loopers.server.AuthControllerTest" time="0.213"/>
  <testcase name="getMe_success" classname="com.loopers.server.AuthControllerTest" time="0.234"/>
  <testcase name="validatePassword_tooShort" classname="com.loopers.server.AuthControllerTest" time="0.202"/>
  <testcase name="register_passwordTooLong" classname="com.loopers.server.AuthControllerTest" time="0.203"/>
  <testcase name="getHistory_empty" classname="com.loopers.server.AuthControllerTest" time="0.205"/>
  <testcase name="validatePassword_valid" classname="com.loopers.server.AuthControllerTest" time="0.2"/>
  <testcase name="changePassword_wrongCurrent" classname="com.loopers.server.AuthControllerTest" time="0.3"/>
  <testcase name="register_missingFields" classname="com.loopers.server.AuthControllerTest" time="0.21"/>
  <testcase name="civilianLogin_passwordNotChanged" classname="com.loopers.server.AuthControllerTest" time="0.398"/>
  <testcase name="login_success" classname="com.loopers.server.AuthControllerTest" time="0.297"/>
  <testcase name="getHistory_sameValueNotRecorded" classname="com.loopers.server.AuthControllerTest" time="0.209">
    <failure message="JSON path &quot;$.history.length()&quot; expected:&lt;0&gt; but was:&lt;1&gt;" type="java.lang.AssertionError"><![CDATA[java.lang.AssertionError: JSON path "$.history.length()" expected:<0> but was:<1>
	at com.loopers.server.AuthControllerTest.getHistory_sameValueNotRecorded(AuthControllerTest.java:552)
]]></failure>
    <system-out><![CDATA[
MockHttpServletRequest:
      HTTP Method = POST
      Request URI = /api/auth/register
       Parameters = {}
          Headers = [Content-Type:"application/json;charset=UTF-8", Content-Length:"117"]
             Body = {"password":"Test1234!","birthdate":"19990101","loginId":"testuser","email":"test@test.com","name":"테스트유저"}
    Session Attrs = {}

Handler:
             Type = com.loopers.server.controller.AuthController
           Method = com.loopers.server.controller.AuthController#register(RegisterRequest)

Async:
    Async started = false
     Async result = null

Resolved Exception:
             Type = null

ModelAndView:
        View name = null
             View = null
            Model = null

FlashMap:
       Attributes = null

MockHttpServletResponse:
           Status = 201
    Error message = null
          Headers = [Vary:"Origin", "Access-Control-Request-Method", "Access-Control-Request-Headers", Content-Type:"application/json", X-Content-Type-Options:"nosniff", X-XSS-Protection:"1; mode=block", Cache-Control:"no-cache, no-store, max-age=0, must-revalidate", Pragma:"no-cache", Expires:"0", X-Frame-Options:"DENY"]
     Content type = application/json
             Body = {"token":"eyJhbGciOiJIUzM4NCJ9.eyJzdWIiOiJ0ZXN0dXNlciIsImlkIjoxLCJyb2xlIjoiY2l2aWxpYW4iLCJpYXQiOjE3Nzg1NzUwOTcsImV4cCI6MTc3OTE3OTg5N30.N4eq45Ang_z7cu2jVs6XTLvh9HIzbMHcrkiGee5UmMOfZy5_NJjf_mN9rUJB0Pz7","user":{"loginId":"testuser","name":"테스트유저","birthdate":"19990101","email":"test@test.com","role":"civilian","watchlisted":false}}
    Forwarded URL = null
   Redirected URL = null
          Cookies = []

MockHttpServletRequest:
      HTTP Method = POST
      Request URI = /api/auth/login
       Parameters = {}
          Headers = [Content-Type:"application/json;charset=UTF-8", Content-Length:"45"]
             Body = {"loginId":"testuser","password":"Test1234!"}
    Session Attrs = {}

Handler:
             Type = com.loopers.server.controller.AuthController
           Method = com.loopers.server.controller.AuthController#login(LoginRequest)

Async:
    Async started = false
     Async result = null

Resolved Exception:
             Type = null

ModelAndView:
        View name = null
             View = null
            Model = null

FlashMap:
       Attributes = null

MockHttpServletResponse:
           Status = 200
    Error message = null
          Headers = [Vary:"Origin", "Access-Control-Request-Method", "Access-Control-Request-Headers", Content-Type:"application/json", X-Content-Type-Options:"nosniff", X-XSS-Protection:"1; mode=block", Cache-Control:"no-cache, no-store, max-age=0, must-revalidate", Pragma:"no-cache", Expires:"0", X-Frame-Options:"DENY"]
     Content type = application/json
             Body = {"token":"eyJhbGciOiJIUzM4NCJ9.eyJzdWIiOiJ0ZXN0dXNlciIsImlkIjoxLCJyb2xlIjoiY2l2aWxpYW4iLCJpYXQiOjE3Nzg1NzUwOTcsImV4cCI6MTc3OTE3OTg5N30.N4eq45Ang_z7cu2jVs6XTLvh9HIzbMHcrkiGee5UmMOfZy5_NJjf_mN9rUJB0Pz7","user":{"loginId":"testuser","name":"테스트유저","birthdate":"19990101","email":"test@test.com","role":"civilian","watchlisted":false}}
    Forwarded URL = null
   Redirected URL = null
          Cookies = []

MockHttpServletRequest:
      HTTP Method = PATCH
      Request URI = /api/auth/me
       Parameters = {}
          Headers = [Content-Type:"application/json;charset=UTF-8", Authorization:"Bearer eyJhbGciOiJIUzM4NCJ9.eyJzdWIiOiJ0ZXN0dXNlciIsImlkIjoxLCJyb2xlIjoiY2l2aWxpYW4iLCJpYXQiOjE3Nzg1NzUwOTcsImV4cCI6MTc3OTE3OTg5N30.N4eq45Ang_z7cu2jVs6XTLvh9HIzbMHcrkiGee5UmMOfZy5_NJjf_mN9rUJB0Pz7", Content-Length:"27"]
             Body = {"name":"테스트 유저"}
    Session Attrs = {}

Handler:
             Type = com.loopers.server.controller.AuthController
           Method = com.loopers.server.controller.AuthController#updateProfile(UserPrincipal, UpdateProfileRequest)

Async:
    Async started = false
     Async result = null

Resolved Exception:
             Type = null

ModelAndView:
        View name = null
             View = null
            Model = null

FlashMap:
       Attributes = null

MockHttpServletResponse:
           Status = 200
    Error message = null
          Headers = [Vary:"Origin", "Access-Control-Request-Method", "Access-Control-Request-Headers", Content-Type:"application/json", X-Content-Type-Options:"nosniff", X-XSS-Protection:"1; mode=block", Cache-Control:"no-cache, no-store, max-age=0, must-revalidate", Pragma:"no-cache", Expires:"0", X-Frame-Options:"DENY"]
     Content type = application/json
             Body = {"loginId":"testuser","name":"테스트 유저","birthdate":"19990101","email":"test@test.com","role":"civilian","watchlisted":false}
    Forwarded URL = null
   Redirected URL = null
          Cookies = []

MockHttpServletRequest:
      HTTP Method = GET
      Request URI = /api/auth/me/history
       Parameters = {}
          Headers = [Authorization:"Bearer eyJhbGciOiJIUzM4NCJ9.eyJzdWIiOiJ0ZXN0dXNlciIsImlkIjoxLCJyb2xlIjoiY2l2aWxpYW4iLCJpYXQiOjE3Nzg1NzUwOTcsImV4cCI6MTc3OTE3OTg5N30.N4eq45Ang_z7cu2jVs6XTLvh9HIzbMHcrkiGee5UmMOfZy5_NJjf_mN9rUJB0Pz7"]
             Body = null
    Session Attrs = {}

Handler:
             Type = com.loopers.server.controller.AuthController
           Method = com.loopers.server.controller.AuthController#getMyHistory(UserPrincipal)

Async:
    Async started = false
     Async result = null

Resolved Exception:
             Type = null

ModelAndView:
        View name = null
             View = null
            Model = null

FlashMap:
       Attributes = null

MockHttpServletResponse:
           Status = 200
    Error message = null
          Headers = [Vary:"Origin", "Access-Control-Request-Method", "Access-Control-Request-Headers", Content-Type:"application/json", X-Content-Type-Options:"nosniff", X-XSS-Protection:"1; mode=block", Cache-Control:"no-cache, no-store, max-age=0, must-revalidate", Pragma:"no-cache", Expires:"0", X-Frame-Options:"DENY"]
     Content type = application/json
             Body = {"history":[{"id":1,"changedField":"name","oldValue":"테스트유저","newValue":"테스트 유저","changedAt":"2026-05-12T08:38:17.384031Z"}]}
    Forwarded URL = null
   Redirected URL = null
          Cookies = []
]]></system-out>
  </testcase>
  <testcase name="getHistory_afterNameChange" classname="com.loopers.server.AuthControllerTest" time="0.203">
    <failure message="JSON path &quot;$.history[0].oldValue&quot; expected:&lt;테스트 유저&gt; but was:&lt;테스트유저&gt;" type="java.lang.AssertionError"><![CDATA[java.lang.AssertionError: JSON path "$.history[0].oldValue" expected:<테스트 유저> but was:<테스트유저>
	at com.loopers.server.AuthControllerTest.getHistory_afterNameChange(AuthControllerTest.java:499)
]]></failure>
    <system-out><![CDATA[
MockHttpServletRequest:
      HTTP Method = POST
      Request URI = /api/auth/register
       Parameters = {}
          Headers = [Content-Type:"application/json;charset=UTF-8", Content-Length:"117"]
             Body = {"password":"Test1234!","birthdate":"19990101","loginId":"testuser","email":"test@test.com","name":"테스트유저"}
    Session Attrs = {}

Handler:
             Type = com.loopers.server.controller.AuthController
           Method = com.loopers.server.controller.AuthController#register(RegisterRequest)

Async:
    Async started = false
     Async result = null

Resolved Exception:
             Type = null

ModelAndView:
        View name = null
             View = null
            Model = null

FlashMap:
       Attributes = null

MockHttpServletResponse:
           Status = 201
    Error message = null
          Headers = [Vary:"Origin", "Access-Control-Request-Method", "Access-Control-Request-Headers", Content-Type:"application/json", X-Content-Type-Options:"nosniff", X-XSS-Protection:"1; mode=block", Cache-Control:"no-cache, no-store, max-age=0, must-revalidate", Pragma:"no-cache", Expires:"0", X-Frame-Options:"DENY"]
     Content type = application/json
             Body = {"token":"eyJhbGciOiJIUzM4NCJ9.eyJzdWIiOiJ0ZXN0dXNlciIsImlkIjoxLCJyb2xlIjoiY2l2aWxpYW4iLCJpYXQiOjE3Nzg1NzUwOTcsImV4cCI6MTc3OTE3OTg5N30.N4eq45Ang_z7cu2jVs6XTLvh9HIzbMHcrkiGee5UmMOfZy5_NJjf_mN9rUJB0Pz7","user":{"loginId":"testuser","name":"테스트유저","birthdate":"19990101","email":"test@test.com","role":"civilian","watchlisted":false}}
    Forwarded URL = null
   Redirected URL = null
          Cookies = []

MockHttpServletRequest:
      HTTP Method = POST
      Request URI = /api/auth/login
       Parameters = {}
          Headers = [Content-Type:"application/json;charset=UTF-8", Content-Length:"45"]
             Body = {"loginId":"testuser","password":"Test1234!"}
    Session Attrs = {}

Handler:
             Type = com.loopers.server.controller.AuthController
           Method = com.loopers.server.controller.AuthController#login(LoginRequest)

Async:
    Async started = false
     Async result = null

Resolved Exception:
             Type = null

ModelAndView:
        View name = null
             View = null
            Model = null

FlashMap:
       Attributes = null

MockHttpServletResponse:
           Status = 200
    Error message = null
          Headers = [Vary:"Origin", "Access-Control-Request-Method", "Access-Control-Request-Headers", Content-Type:"application/json", X-Content-Type-Options:"nosniff", X-XSS-Protection:"1; mode=block", Cache-Control:"no-cache, no-store, max-age=0, must-revalidate", Pragma:"no-cache", Expires:"0", X-Frame-Options:"DENY"]
     Content type = application/json
             Body = {"token":"eyJhbGciOiJIUzM4NCJ9.eyJzdWIiOiJ0ZXN0dXNlciIsImlkIjoxLCJyb2xlIjoiY2l2aWxpYW4iLCJpYXQiOjE3Nzg1NzUwOTcsImV4cCI6MTc3OTE3OTg5N30.N4eq45Ang_z7cu2jVs6XTLvh9HIzbMHcrkiGee5UmMOfZy5_NJjf_mN9rUJB0Pz7","user":{"loginId":"testuser","name":"테스트유저","birthdate":"19990101","email":"test@test.com","role":"civilian","watchlisted":false}}
    Forwarded URL = null
   Redirected URL = null
          Cookies = []

MockHttpServletRequest:
      HTTP Method = PATCH
      Request URI = /api/auth/me
       Parameters = {}
          Headers = [Content-Type:"application/json;charset=UTF-8", Authorization:"Bearer eyJhbGciOiJIUzM4NCJ9.eyJzdWIiOiJ0ZXN0dXNlciIsImlkIjoxLCJyb2xlIjoiY2l2aWxpYW4iLCJpYXQiOjE3Nzg1NzUwOTcsImV4cCI6MTc3OTE3OTg5N30.N4eq45Ang_z7cu2jVs6XTLvh9HIzbMHcrkiGee5UmMOfZy5_NJjf_mN9rUJB0Pz7", Content-Length:"20"]
             Body = {"name":"새이름"}
    Session Attrs = {}

Handler:
             Type = com.loopers.server.controller.AuthController
           Method = com.loopers.server.controller.AuthController#updateProfile(UserPrincipal, UpdateProfileRequest)

Async:
    Async started = false
     Async result = null

Resolved Exception:
             Type = null

ModelAndView:
        View name = null
             View = null
            Model = null

FlashMap:
       Attributes = null

MockHttpServletResponse:
           Status = 200
    Error message = null
          Headers = [Vary:"Origin", "Access-Control-Request-Method", "Access-Control-Request-Headers", Content-Type:"application/json", X-Content-Type-Options:"nosniff", X-XSS-Protection:"1; mode=block", Cache-Control:"no-cache, no-store, max-age=0, must-revalidate", Pragma:"no-cache", Expires:"0", X-Frame-Options:"DENY"]
     Content type = application/json
             Body = {"loginId":"testuser","name":"새이름","birthdate":"19990101","email":"test@test.com","role":"civilian","watchlisted":false}
    Forwarded URL = null
   Redirected URL = null
          Cookies = []

MockHttpServletRequest:
      HTTP Method = GET
      Request URI = /api/auth/me/history
       Parameters = {}
          Headers = [Authorization:"Bearer eyJhbGciOiJIUzM4NCJ9.eyJzdWIiOiJ0ZXN0dXNlciIsImlkIjoxLCJyb2xlIjoiY2l2aWxpYW4iLCJpYXQiOjE3Nzg1NzUwOTcsImV4cCI6MTc3OTE3OTg5N30.N4eq45Ang_z7cu2jVs6XTLvh9HIzbMHcrkiGee5UmMOfZy5_NJjf_mN9rUJB0Pz7"]
             Body = null
    Session Attrs = {}

Handler:
             Type = com.loopers.server.controller.AuthController
           Method = com.loopers.server.controller.AuthController#getMyHistory(UserPrincipal)

Async:
    Async started = false
     Async result = null

Resolved Exception:
             Type = null

ModelAndView:
        View name = null
             View = null
            Model = null

FlashMap:
       Attributes = null

MockHttpServletResponse:
           Status = 200
    Error message = null
          Headers = [Vary:"Origin", "Access-Control-Request-Method", "Access-Control-Request-Headers", Content-Type:"application/json", X-Content-Type-Options:"nosniff", X-XSS-Protection:"1; mode=block", Cache-Control:"no-cache, no-store, max-age=0, must-revalidate", Pragma:"no-cache", Expires:"0", X-Frame-Options:"DENY"]
     Content type = application/json
             Body = {"history":[{"id":1,"changedField":"name","oldValue":"테스트유저","newValue":"새이름","changedAt":"2026-05-12T08:38:17.589030Z"}]}
    Forwarded URL = null
   Redirected URL = null
          Cookies = []
]]></system-out>
  </testcase>
  <testcase name="getMe_headerAuth" classname="com.loopers.server.AuthControllerTest" time="0.296"/>
  <testcase name="register_success" classname="com.loopers.server.AuthControllerTest" time="0.297"/>
  <testcase name="login_oldPasswordTrap" classname="com.loopers.server.AuthControllerTest" time="0.493"/>
  <testcase name="register_invalidBirthdate" classname="com.loopers.server.AuthControllerTest" time="0.2"/>
  <testcase name="getHistory_nameAndEmail" classname="com.loopers.server.AuthControllerTest" time="0.2"/>
  <testcase name="register_duplicateLoginId" classname="com.loopers.server.AuthControllerTest" time="0.199"/>
  <testcase name="register_agentRole" classname="com.loopers.server.AuthControllerTest" time="0.316"/>
  <testcase name="login_wrongPassword" classname="com.loopers.server.AuthControllerTest" time="0.297"/>
  <testcase name="deleteAccount_success" classname="com.loopers.server.AuthControllerTest" time="0.202"/>
  <testcase name="changePassword_success" classname="com.loopers.server.AuthControllerTest" time="0.394"/>
  <testcase name="updateProfile_success" classname="com.loopers.server.AuthControllerTest" time="0.2"/>
  <testcase name="login_unknownUser" classname="com.loopers.server.AuthControllerTest" time="0.198"/>
  <testcase name="login_duressPassword" classname="com.loopers.server.AuthControllerTest" time="0.503"/>
  <testcase name="agentLogin_passwordAutoChanged" classname="com.loopers.server.AuthControllerTest" time="0.588"/>
  <testcase name="getHistory_afterPasswordChange" classname="com.loopers.server.AuthControllerTest" time="0.397"/>
  <testcase name="register_invalidEmail" classname="com.loopers.server.AuthControllerTest" time="0.198"/>
  <testcase name="getMe_noToken" classname="com.loopers.server.AuthControllerTest" time="0.203"/>
</testsuite>